<?xml version="1.0" encoding="UTF-8"?>
<testsuite name="github.cronnieves.simplevertx.AppTest" tests="1" skipped="0" failures="0" errors="0" timestamp="2021-03-28T20:32:52" hostname="ATOS-2575" time="0.017">
  <properties/>
  <testcase name="testAppHasAGreeting" classname="github.cronnieves.simplevertx.AppTest" time="0.017"/>
  <system-out><![CDATA[]]></system-out>
  <system-err><![CDATA[]]></system-err>
</testsuite>
